31.4159
The cylindrical destructor has been called.
The circle destructor has been called.
38.0133
The cylindrical destructor has been called.
The circle destructor has been called.
45.2389
The cylindrical destructor has been called.
The circle destructor has been called.
53.0929
The cylindrical destructor has been called.
The circle destructor has been called.
61.5752
The cylindrical destructor has been called.
The circle destructor has been called.
70.6858
The cylindrical destructor has been called.
The circle destructor has been called.
80.4248
The cylindrical destructor has been called.
The circle destructor has been called.
90.792
The cylindrical destructor has been called.
The circle destructor has been called.
101.788
The cylindrical destructor has been called.
The circle destructor has been called.
113.412
The cylindrical destructor has been called.
The circle destructor has been called.
125.664
The cylindrical destructor has been called.
The circle destructor has been called.
138.544
The cylindrical destructor has been called.
The circle destructor has been called.
152.053
The cylindrical destructor has been called.
The circle destructor has been called.
166.19
The cylindrical destructor has been called.
The circle destructor has been called.
180.956
The cylindrical destructor has been called.
The circle destructor has been called.
196.35
The cylindrical destructor has been called.
The circle destructor has been called.
212.372
The cylindrical destructor has been called.
The circle destructor has been called.
229.022
The cylindrical destructor has been called.
The circle destructor has been called.
246.301
The cylindrical destructor has been called.
The circle destructor has been called.
264.208
The cylindrical destructor has been called.
The circle destructor has been called.
282.743
The cylindrical destructor has been called.
The circle destructor has been called.

The radius of the circle = 1
The area of the circle = 3.14159
The circle destructor has been called.
The radius of the circle = 1.1
The area of the circle = 3.80133
The circle destructor has been called.
The radius of the circle = 1.2
The area of the circle = 4.52389
The circle destructor has been called.
The radius of the circle = 1.3
The area of the circle = 5.30929
The circle destructor has been called.
The radius of the circle = 1.4
The area of the circle = 6.15752
The circle destructor has been called.
The radius of the circle = 1.5
The area of the circle = 7.06858
The circle destructor has been called.
The radius of the circle = 1.6
The area of the circle = 8.04248
The circle destructor has been called.
The radius of the circle = 1.7
The area of the circle = 9.0792
The circle destructor has been called.
The radius of the circle = 1.8
The area of the circle = 10.1788
The circle destructor has been called.
The radius of the circle = 1.9
The area of the circle = 11.3412
The circle destructor has been called.
The radius of the circle = 2
The area of the circle = 12.5664
The circle destructor has been called.
The radius of the circle = 2.1
The area of the circle = 13.8544
The circle destructor has been called.
The radius of the circle = 2.2
The area of the circle = 15.2053
The circle destructor has been called.
The radius of the circle = 2.3
The area of the circle = 16.619
The circle destructor has been called.
The radius of the circle = 2.4
The area of the circle = 18.0956
The circle destructor has been called.
The radius of the circle = 2.5
The area of the circle = 19.635
The circle destructor has been called.
The radius of the circle = 2.6
The area of the circle = 21.2372
The circle destructor has been called.
The radius of the circle = 2.7
The area of the circle = 22.9022
The circle destructor has been called.
The radius of the circle = 2.8
The area of the circle = 24.6301
The circle destructor has been called.
The radius of the circle = 2.9
The area of the circle = 26.4208
The circle destructor has been called.
The radius of the circle = 3
The area of the circle = 28.2743
The circle destructor has been called.
