31.4159
The cylindrical destructor has been called.
The circle destructor has been called.

38.0133
The cylindrical destructor has been called.
The circle destructor has been called.

45.2389
The cylindrical destructor has been called.
The circle destructor has been called.

53.0929
The cylindrical destructor has been called.
The circle destructor has been called.

61.5752
The cylindrical destructor has been called.
The circle destructor has been called.

70.6858
The cylindrical destructor has been called.
The circle destructor has been called.

80.4248
The cylindrical destructor has been called.
The circle destructor has been called.

90.792
The cylindrical destructor has been called.
The circle destructor has been called.

101.788
The cylindrical destructor has been called.
The circle destructor has been called.

113.412
The cylindrical destructor has been called.
The circle destructor has been called.

125.664
The cylindrical destructor has been called.
The circle destructor has been called.

138.544
The cylindrical destructor has been called.
The circle destructor has been called.

152.053
The cylindrical destructor has been called.
The circle destructor has been called.

166.19
The cylindrical destructor has been called.
The circle destructor has been called.

180.956
The cylindrical destructor has been called.
The circle destructor has been called.

196.35
The cylindrical destructor has been called.
The circle destructor has been called.

212.372
The cylindrical destructor has been called.
The circle destructor has been called.

229.022
The cylindrical destructor has been called.
The circle destructor has been called.

246.301
The cylindrical destructor has been called.
The circle destructor has been called.

264.208
The cylindrical destructor has been called.
The circle destructor has been called.

282.743
The cylindrical destructor has been called.
The circle destructor has been called.



The radius of the circle = 3
The area of the circle = 28.2743
The circle destructor has been called.

The radius of the circle = 3.1
The area of the circle = 30.1907
The circle destructor has been called.

The radius of the circle = 3.2
The area of the circle = 32.1699
The circle destructor has been called.

The radius of the circle = 3.3
The area of the circle = 34.2119
The circle destructor has been called.

The radius of the circle = 3.4
The area of the circle = 36.3168
The circle destructor has been called.

The radius of the circle = 3.5
The area of the circle = 38.4845
The circle destructor has been called.

The radius of the circle = 3.6
The area of the circle = 40.715
The circle destructor has been called.

The radius of the circle = 3.7
The area of the circle = 43.0084
The circle destructor has been called.

The radius of the circle = 3.8
The area of the circle = 45.3646
The circle destructor has been called.

The radius of the circle = 3.9
The area of the circle = 47.7836
The circle destructor has been called.

The radius of the circle = 4
The area of the circle = 50.2655
The circle destructor has been called.

The radius of the circle = 4.1
The area of the circle = 52.8101
The circle destructor has been called.

The radius of the circle = 4.2
The area of the circle = 55.4177
The circle destructor has been called.

The radius of the circle = 4.3
The area of the circle = 58.088
The circle destructor has been called.

The radius of the circle = 4.4
The area of the circle = 60.8212
The circle destructor has been called.

The radius of the circle = 4.5
The area of the circle = 63.6172
The circle destructor has been called.

The radius of the circle = 4.6
The area of the circle = 66.4761
The circle destructor has been called.

The radius of the circle = 4.7
The area of the circle = 69.3977
The circle destructor has been called.

The radius of the circle = 4.8
The area of the circle = 72.3822
The circle destructor has been called.

The radius of the circle = 4.9
The area of the circle = 75.4296
The circle destructor has been called.

The radius of the circle = 5
The area of the circle = 78.5398
The circle destructor has been called.

The screen will be closed in 60 seconds.
